<?xml version="1.1" encoding="UTF-8"?>
<testsuite name="EtlTest" tests="4" failures="0" errors="0" timestamp="2017-01-31T12:42:59" hostname="unb-x-anto" time="0.009">
  <properties/>
  <testcase name="testTransformOneValue" classname="EtlTest" time="0.001"/>
  <testcase name="testTransformMoreValues" classname="EtlTest" time="0.001"/>
  <testcase name="testFullDataset" classname="EtlTest" time="0.003"/>
  <testcase name="testMoreKeys" classname="EtlTest" time="0.002"/>
  <system-out><![CDATA[]]></system-out>
  <system-err><![CDATA[]]></system-err>
</testsuite>
